
> looma@0.1.0 build C:\Users\Ritesh Sinha\OneDrive\Desktop\Looma-Sketch2Code
> next build

▲ Next.js 16.1.1 (Turbopack)
- Environments: .env.local
- Experiments (use with caution):
  · serverActions

  Creating an optimized production build ...
✓ Compiled successfully in 11.7s
  Running TypeScript ...
Failed to compile.

./src/components/ai-elements/agent.tsx:83:46
Type error: 'type' is specified more than once, so this usage will be overwritten.

  81 |   <div className={cn("space-y-2", className)}>
  82 |     <span className="font-medium text-muted-foreground text-sm">Tools</span>
> 83 |     <Accordion className="rounded-md border" type="multiple" {...props} />
     |                                              ^
  84 |   </div>
  85 | ));
  86 |
Next.js build worker exited with code: 1 and signal: null
 ELIFECYCLE  Command failed with exit code 1.
